<?xml version="1.0" encoding="UTF-8"?>
<testsuite xmlns:xsi="http://www.w3.org/2001/XMLSchema-instance" xsi:noNamespaceSchemaLocation="https://maven.apache.org/surefire/maven-surefire-plugin/xsd/surefire-test-report-3.0.xsd" version="3.0" name="com.fever.event.test.fever_demo_miguelcabezas.infraestructure.adapters.in.EventControllerTest" time="0.148" tests="3" errors="0" skipped="0" failures="0">
  <properties>
[...]
</properties>
  <testcase name="testConvertMonoEventListDTOOK" classname="com.fever.event.test.fever_demo_miguelcabezas.infraestructure.adapters.in.EventControllerTest" time="0.094"/>
  <testcase name="testSearchEvents_ValidInput" classname="com.fever.event.test.fever_demo_miguelcabezas.infraestructure.adapters.in.EventControllerTest" time="0.027"/>
  <testcase name="testSearchEvents_InvalidInput" classname="com.fever.event.test.fever_demo_miguelcabezas.infraestructure.adapters.in.EventControllerTest" time="0.005">
    <system-out><![CDATA[12:57:05.398 [main] WARN com.fever.event.test.fever_demo_miguelcabezas.infraestructure.adapters.in.EventController -- Invalid input startsAt: 2023-01-31 endsAt: 2023-01-01
]]></system-out>
  </testcase>
</testsuite>